0 info it worked if it ends with ok
1 verbose cli [ 'C:\\Program Files (x86)\\nodejs\\node.exe',
1 verbose cli   'C:\\Program Files (x86)\\nodejs\\node_modules\\npm\\bin\\npm-cli.js',
1 verbose cli   'publish',
1 verbose cli   '.' ]
2 info using npm@3.10.10
3 info using node@v6.9.3
4 verbose publish [ '.' ]
5 silly cache add args [ '.', null ]
6 verbose cache add spec .
7 silly cache add parsed spec Result {
7 silly cache add   raw: '.',
7 silly cache add   scope: null,
7 silly cache add   escapedName: null,
7 silly cache add   name: null,
7 silly cache add   rawSpec: '.',
7 silly cache add   spec: 'C:\\Users\\nguye\\AmILate',
7 silly cache add   type: 'directory' }
8 verbose addLocalDirectory C:\Users\nguye\AppData\Roaming\npm-cache\nguye\0.0.1\package.tgz not in flight; packing
9 verbose correctMkdir C:\Users\nguye\AppData\Roaming\npm-cache correctMkdir not in flight; initializing
10 info lifecycle nguye@0.0.1~prepublish: nguye@0.0.1
11 silly lifecycle nguye@0.0.1~prepublish: no script for prepublish, continuing
12 verbose tar pack [ 'C:\\Users\\nguye\\AppData\\Roaming\\npm-cache\\nguye\\0.0.1\\package.tgz',
12 verbose tar pack   'C:\\Users\\nguye\\AmILate' ]
13 verbose tarball C:\Users\nguye\AppData\Roaming\npm-cache\nguye\0.0.1\package.tgz
14 verbose folder C:\Users\nguye\AmILate
15 verbose addLocalTarball adding from inside cache C:\Users\nguye\AppData\Roaming\npm-cache\nguye\0.0.1\package.tgz
16 verbose correctMkdir C:\Users\nguye\AppData\Roaming\npm-cache correctMkdir not in flight; initializing
17 silly cache afterAdd nguye@0.0.1
18 verbose afterAdd C:\Users\nguye\AppData\Roaming\npm-cache\nguye\0.0.1\package\package.json not in flight; writing
19 verbose correctMkdir C:\Users\nguye\AppData\Roaming\npm-cache correctMkdir not in flight; initializing
20 verbose afterAdd C:\Users\nguye\AppData\Roaming\npm-cache\nguye\0.0.1\package\package.json written
21 silly publish { name: 'nguye',
21 silly publish   version: '0.0.1',
21 silly publish   description: '',
21 silly publish   cordova:
21 silly publish    { id: 'cordova-plugin-am-i-late',
21 silly publish      platforms: [ 'android', 'ios' ] },
21 silly publish   dependencies:
21 silly publish    { abbrev: 'undefined1.0.9',
21 silly publish      aliasify: 'undefined1.9.0',
21 silly publish      accepts: 'undefined1.3.3',
21 silly publish      acorn: 'undefined1.2.2',
21 silly publish      'ansi-regex': 'undefined2.0.0',
21 silly publish      'array-filter': 'undefined0.0.1',
21 silly publish      'ansi-styles': 'undefined2.2.1',
21 silly publish      'array-flatten': 'undefined1.1.1',
21 silly publish      ansi: 'undefined0.3.1',
21 silly publish      'array-map': 'undefined0.0.0',
21 silly publish      'asn1.js': 'undefined4.9.1',
21 silly publish      'array-reduce': 'undefined0.0.0',
21 silly publish      'assert-plus': 'undefined0.1.5',
21 silly publish      assert: 'undefined1.3.0',
21 silly publish      astw: 'undefined2.0.0',
21 silly publish      'aws-sign2': 'undefined0.5.0',
21 silly publish      async: 'undefined0.9.2',
21 silly publish      'base64-js': 'undefined0.0.8',
21 silly publish      'balanced-match': 'undefined0.4.2',
21 silly publish      asn1: 'undefined0.1.11',
21 silly publish      'big-integer': 'undefined1.6.17',
21 silly publish      bl: 'undefined0.9.5',
21 silly publish      'block-stream': 'undefined0.0.9',
21 silly publish      'bn.js': 'undefined4.11.6',
21 silly publish      boom: 'undefined0.4.2',
21 silly publish      'bplist-creator': 'undefined0.0.4',
21 silly publish      'brace-expansion': 'undefined1.1.6',
21 silly publish      brorand: 'undefined1.0.6',
21 silly publish      'bplist-parser': 'undefined0.1.1',
21 silly publish      'browser-pack': 'undefined6.0.2',
21 silly publish      'browser-resolve': 'undefined1.11.2',
21 silly publish      browserify: 'undefined13.1.0',
21 silly publish      'browserify-aes': 'undefined1.0.6',
21 silly publish      'browserify-des': 'undefined1.0.0',
21 silly publish      'browserify-rsa': 'undefined4.0.1',
21 silly publish      'browserify-transform-tools': 'undefined1.5.3',
21 silly publish      'browserify-cipher': 'undefined1.0.0',
21 silly publish      'browserify-sign': 'undefined4.0.0',
21 silly publish      buffer: 'undefined4.9.1',
21 silly publish      'buffer-shims': 'undefined1.0.0',
21 silly publish      'browserify-zlib': 'undefined0.1.4',
21 silly publish      'builtin-modules': 'undefined1.1.1',
21 silly publish      'builtin-status-codes': 'undefined2.0.0',
21 silly publish      builtins: 'undefined0.0.7',
21 silly publish      bytes: 'undefined2.3.0',
21 silly publish      chalk: 'undefined1.1.3',
21 silly publish      caseless: 'undefined0.6.0',
21 silly publish      'cipher-base': 'undefined1.0.3',
21 silly publish      'cached-path-relative': 'undefined1.0.0',
21 silly publish      'combine-source-map': 'undefined0.7.2',
21 silly publish      compressible: 'undefined2.0.9',
21 silly publish      'buffer-xor': 'undefined1.0.3',
21 silly publish      compression: 'undefined1.6.2',
21 silly publish      'combined-stream': 'undefined0.0.7',
21 silly publish      'concat-map': 'undefined0.0.1',
21 silly publish      'concat-stream': 'undefined1.5.2',
21 silly publish      'constants-browserify': 'undefined1.0.0',
21 silly publish      'console-browserify': 'undefined1.1.0',
21 silly publish      'content-disposition': 'undefined0.5.1',
21 silly publish      'content-type': 'undefined1.0.2',
21 silly publish      cookie: 'undefined0.3.1',
21 silly publish      'convert-source-map': 'undefined1.1.3',
21 silly publish      'cordova-app-hello-world': 'undefined3.11.0',
21 silly publish      'cookie-signature': 'undefined1.0.6',
21 silly publish      'cordova-create': 'undefined1.0.1',
21 silly publish      'cordova-common': 'undefined1.5.1',
21 silly publish      'cordova-fetch': 'undefined1.0.1',
21 silly publish      'cordova-js': 'undefined4.2.0',
21 silly publish      'cordova-registry-mapper': 'undefined1.1.15',
21 silly publish      'cordova-lib': 'undefined6.4.0',
21 silly publish      'cordova-serve': 'undefined1.0.1',
21 silly publish      'core-util-is': 'undefined1.0.2',
21 silly publish      'create-ecdh': 'undefined4.0.0',
21 silly publish      'create-hmac': 'undefined1.1.4',
21 silly publish      cryptiles: 'undefined0.2.2',
21 silly publish      'crypto-browserify': 'undefined3.11.0',
21 silly publish      ctype: 'undefined0.5.3',
21 silly publish      'date-now': 'undefined0.1.4',
21 silly publish      defined: 'undefined1.0.0',
21 silly publish      debug: 'undefined2.2.0',
21 silly publish      'delayed-stream': 'undefined0.0.5',
21 silly publish      'dep-graph': 'undefined1.1.0',
21 silly publish      depd: 'undefined1.1.0',
21 silly publish      'create-hash': 'undefined1.1.2',
21 silly publish      'dependency-ls': 'undefined1.0.0',
21 silly publish      'deps-sort': 'undefined2.0.0',
21 silly publish      'des.js': 'undefined1.0.0',
21 silly publish      detective: 'undefined4.3.2',
21 silly publish      destroy: 'undefined1.0.4',
21 silly publish      'diffie-hellman': 'undefined5.0.2',
21 silly publish      'domain-browser': 'undefined1.1.7',
21 silly publish      duplexer2: 'undefined0.1.4',
21 silly publish      'ee-first': 'undefined1.1.1',
21 silly publish      elliptic: 'undefined6.3.2',
21 silly publish      elementtree: 'undefined0.1.6',
21 silly publish      encodeurl: 'undefined1.0.1',
21 silly publish      'escape-html': 'undefined1.0.3',
21 silly publish      'escape-string-regexp': 'undefined1.0.5',
21 silly publish      events: 'undefined1.1.1',
21 silly publish      evp_bytestokey: 'undefined1.0.0',
21 silly publish      etag: 'undefined1.7.0',
21 silly publish      express: 'undefined4.14.0',
21 silly publish      falafel: 'undefined1.2.0',
21 silly publish      finalhandler: 'undefined0.5.0',
21 silly publish      foreach: 'undefined2.0.5',
21 silly publish      'forever-agent': 'undefined0.5.2',
21 silly publish      'form-data': 'undefined0.1.4',
21 silly publish      'fs.realpath': 'undefined1.0.0',
21 silly publish      fresh: 'undefined0.3.0',
21 silly publish      forwarded: 'undefined0.1.0',
21 silly publish      fstream: 'undefined1.0.10',
21 silly publish      'function-bind': 'undefined1.1.0',
21 silly publish      glob: 'undefined5.0.15',
21 silly publish      'graceful-fs': 'undefined4.1.11',
21 silly publish      has: 'undefined1.0.1',
21 silly publish      'has-ansi': 'undefined2.0.0',
21 silly publish      'hash.js': 'undefined1.0.3',
21 silly publish      hawk: 'undefined1.1.1',
21 silly publish      'hosted-git-info': 'undefined2.1.5',
21 silly publish      htmlescape: 'undefined1.1.1',
21 silly publish      hoek: 'undefined0.9.1',
21 silly publish      'http-errors': 'undefined1.5.1',
21 silly publish      'http-signature': 'undefined0.10.1',
21 silly publish      'https-browserify': 'undefined0.0.1',
21 silly publish      indexof: 'undefined0.0.1',
21 silly publish      inflight: 'undefined1.0.6',
21 silly publish      inherits: 'undefined2.0.3',
21 silly publish      'inline-source-map': 'undefined0.6.2',
21 silly publish      'init-package-json': 'undefined1.9.4',
21 silly publish      ieee754: 'undefined1.1.8',
21 silly publish      'insert-module-globals': 'undefined7.0.1',
21 silly publish      interpret: 'undefined1.0.1',
21 silly publish      'is-url': 'undefined1.2.2',
21 silly publish      'is-buffer': 'undefined1.1.4',
21 silly publish      'ipaddr.js': 'undefined1.1.1',
21 silly publish      'is-builtin-module': 'undefined1.0.0',
21 silly publish      isarray: 'undefined0.0.1',
21 silly publish      jju: 'undefined1.3.0',
21 silly publish      'json-stable-stringify': 'undefined0.0.1',
21 silly publish      'json-parse-helpfulerror': 'undefined1.0.3',
21 silly publish      'json-stringify-safe': 'undefined5.0.1',
21 silly publish      jsonify: 'undefined0.0.0',
21 silly publish      jsonparse: 'undefined1.2.0',
21 silly publish      JSONStream: 'undefined1.3.0',
21 silly publish      'labeled-stream-splicer': 'undefined2.0.0',
21 silly publish      'lexical-scope': 'undefined1.2.0',
21 silly publish      'lodash.memoize': 'undefined3.0.4',
21 silly publish      'media-typer': 'undefined0.3.0',
21 silly publish      'merge-descriptors': 'undefined1.0.1',
21 silly publish      lodash: 'undefined3.10.1',
21 silly publish      'mime-db': 'undefined1.25.0',
21 silly publish      mime: 'undefined1.3.4',
21 silly publish      'miller-rabin': 'undefined4.0.0',
21 silly publish      'mime-types': 'undefined2.1.13',
21 silly publish      'minimalistic-assert': 'undefined1.0.0',
21 silly publish      minimatch: 'undefined3.0.3',
21 silly publish      minimist: 'undefined1.2.0',
21 silly publish      mkdirp: 'undefined0.5.1',
21 silly publish      'module-deps': 'undefined4.0.8',
21 silly publish      methods: 'undefined1.1.2',
21 silly publish      ms: 'undefined0.7.1',
21 silly publish      'mute-stream': 'undefined0.0.7',
21 silly publish      'node-uuid': 'undefined1.4.7',
21 silly publish      negotiator: 'undefined0.6.1',
21 silly publish      nopt: 'undefined1.0.9',
21 silly publish      'normalize-package-data': 'undefined2.3.5',
21 silly publish      'npm-package-arg': 'undefined4.2.0',
21 silly publish      npm: 'undefined2.15.11',
21 silly publish      'oauth-sign': 'undefined0.4.0',
21 silly publish      'object-keys': 'undefined1.0.11',
21 silly publish      'on-finished': 'undefined2.3.0',
21 silly publish      'on-headers': 'undefined1.0.1',
21 silly publish      opener: 'undefined1.4.1',
21 silly publish      'os-browserify': 'undefined0.1.2',
21 silly publish      once: 'undefined1.4.0',
21 silly publish      osenv: 'undefined0.1.4',
21 silly publish      'os-homedir': 'undefined1.0.2',
21 silly publish      pako: 'undefined0.2.9',
21 silly publish      'os-tmpdir': 'undefined1.0.2',
21 silly publish      parents: 'undefined1.0.1',
21 silly publish      'parse-asn1': 'undefined5.0.0',
21 silly publish      parseurl: 'undefined1.3.1',
21 silly publish      'path-browserify': 'undefined0.0.0',
21 silly publish      'path-is-absolute': 'undefined1.0.1',
21 silly publish      'path-platform': 'undefined0.11.15',
21 silly publish      'path-to-regexp': 'undefined0.1.7',
21 silly publish      pbkdf2: 'undefined3.0.9',
21 silly publish      pegjs: 'undefined0.9.0',
21 silly publish      plist: 'undefined1.2.0',
21 silly publish      process: 'undefined0.11.9',
21 silly publish      'process-nextick-args': 'undefined1.0.7',
21 silly publish      'properties-parser': 'undefined0.2.3',
21 silly publish      'proxy-addr': 'undefined1.1.2',
21 silly publish      promzard: 'undefined0.3.0',
21 silly publish      q: 'undefined1.0.1',
21 silly publish      'public-encrypt': 'undefined4.0.0',
21 silly publish      punycode: 'undefined1.4.1',
21 silly publish      plugman: 'undefined1.4.0',
21 silly publish      'querystring-es3': 'undefined0.2.1',
21 silly publish      qs: 'undefined6.2.0',
21 silly publish      'range-parser': 'undefined1.2.0',
21 silly publish      querystring: 'undefined0.2.0',
21 silly publish      randombytes: 'undefined2.0.3',
21 silly publish      read: 'undefined1.0.7',
21 silly publish      'read-package-json': 'undefined2.0.4',
21 silly publish      'read-only-stream': 'undefined2.0.0',
21 silly publish      'readable-stream': 'undefined2.2.2',
21 silly publish      rechoir: 'undefined0.6.2',
21 silly publish      request: 'undefined2.47.0',
21 silly publish      resolve: 'undefined1.2.0',
21 silly publish      ripemd160: 'undefined1.0.1',
21 silly publish      rimraf: 'undefined2.5.4',
21 silly publish      sax: 'undefined0.3.5',
21 silly publish      send: 'undefined0.14.1',
21 silly publish      'serve-static': 'undefined1.11.1',
21 silly publish      semver: 'undefined4.3.6',
21 silly publish      setprototypeof: 'undefined1.0.2',
21 silly publish      shasum: 'undefined1.0.2',
21 silly publish      'sha.js': 'undefined2.4.8',
21 silly publish      shelljs: 'undefined0.3.0',
21 silly publish      'simple-plist': 'undefined0.1.4',
21 silly publish      sntp: 'undefined0.2.4',
21 silly publish      'source-map': 'undefined0.5.6',
21 silly publish      'spdx-correct': 'undefined1.0.2',
21 silly publish      'spdx-expression-parse': 'undefined1.0.4',
21 silly publish      'spdx-license-ids': 'undefined1.2.2',
21 silly publish      statuses: 'undefined1.3.1',
21 silly publish      'stream-browserify': 'undefined2.0.1',
21 silly publish      'stream-buffers': 'undefined0.2.6',
21 silly publish      'shell-quote': 'undefined1.6.1',
21 silly publish      'stream-http': 'undefined2.5.0',
21 silly publish      'stream-combiner2': 'undefined1.1.1',
21 silly publish      'stream-splicer': 'undefined2.0.0',
21 silly publish      'strip-ansi': 'undefined3.0.1',
21 silly publish      stringstream: 'undefined0.0.5',
21 silly publish      subarg: 'undefined1.0.0',
21 silly publish      'supports-color': 'undefined2.0.0',
21 silly publish      'syntax-error': 'undefined1.1.6',
21 silly publish      through2: 'undefined2.0.3',
21 silly publish      through: 'undefined2.3.8',
21 silly publish      'timers-browserify': 'undefined1.4.2',
21 silly publish      'tough-cookie': 'undefined2.3.2',
21 silly publish      'tty-browserify': 'undefined0.0.0',
21 silly publish      'to-arraybuffer': 'undefined1.0.1',
21 silly publish      'type-is': 'undefined1.6.14',
21 silly publish      'tunnel-agent': 'undefined0.4.3',
21 silly publish      umd: 'undefined3.0.1',
21 silly publish      typedarray: 'undefined0.0.6',
21 silly publish      underscore: 'undefined1.7.0',
21 silly publish      tar: 'undefined1.0.2',
21 silly publish      unorm: 'undefined1.3.3',
21 silly publish      url: 'undefined0.11.0',
21 silly publish      unpipe: 'undefined1.0.0',
21 silly publish      util: 'undefined0.10.3',
21 silly publish      'util-deprecate': 'undefined1.0.2',
21 silly publish      'valid-identifier': 'undefined0.0.1',
21 silly publish      'utils-merge': 'undefined1.0.0',
21 silly publish      'validate-npm-package-name': 'undefined2.2.2',
21 silly publish      'validate-npm-package-license': 'undefined3.0.1',
21 silly publish      vary: 'undefined1.1.0',
21 silly publish      'vm-browserify': 'undefined0.0.4',
21 silly publish      string_decoder: 'undefined0.10.31',
21 silly publish      wrappy: 'undefined1.0.2',
21 silly publish      xcode: 'undefined0.8.9',
21 silly publish      xmlbuilder: 'undefined4.0.0',
21 silly publish      xmldom: 'undefined0.1.27',
21 silly publish      xtend: 'undefined4.0.1' },
21 silly publish   devDependencies:
21 silly publish    { abbrev: 'undefined1.0.9',
21 silly publish      acorn: 'undefined1.2.2',
21 silly publish      accepts: 'undefined1.3.3',
21 silly publish      'ansi-regex': 'undefined2.0.0',
21 silly publish      ansi: 'undefined0.3.1',
21 silly publish      aliasify: 'undefined1.9.0',
21 silly publish      'array-map': 'undefined0.0.0',
21 silly publish      'array-filter': 'undefined0.0.1',
21 silly publish      'array-reduce': 'undefined0.0.0',
21 silly publish      asn1: 'undefined0.1.11',
21 silly publish      'asn1.js': 'undefined4.9.1',
21 silly publish      'assert-plus': 'undefined0.1.5',
21 silly publish      'array-flatten': 'undefined1.1.1',
21 silly publish      'ansi-styles': 'undefined2.2.1',
21 silly publish      assert: 'undefined1.3.0',
21 silly publish      astw: 'undefined2.0.0',
21 silly publish      async: 'undefined0.9.2',
21 silly publish      'aws-sign2': 'undefined0.5.0',
21 silly publish      bl: 'undefined0.9.5',
21 silly publish      'base64-js': 'undefined0.0.8',
21 silly publish      'big-integer': 'undefined1.6.17',
21 silly publish      boom: 'undefined0.4.2',
21 silly publish      'bn.js': 'undefined4.11.6',
21 silly publish      'balanced-match': 'undefined0.4.2',
21 silly publish      'block-stream': 'undefined0.0.9',
21 silly publish      'bplist-creator': 'undefined0.0.4',
21 silly publish      brorand: 'undefined1.0.6',
21 silly publish      'bplist-parser': 'undefined0.1.1',
21 silly publish      'brace-expansion': 'undefined1.1.6',
21 silly publish      'browser-resolve': 'undefined1.11.2',
21 silly publish      'browserify-aes': 'undefined1.0.6',
21 silly publish      browserify: 'undefined13.1.0',
21 silly publish      'browser-pack': 'undefined6.0.2',
21 silly publish      'browserify-cipher': 'undefined1.0.0',
21 silly publish      'browserify-des': 'undefined1.0.0',
21 silly publish      'browserify-rsa': 'undefined4.0.1',
21 silly publish      'browserify-transform-tools': 'undefined1.5.3',
21 silly publish      buffer: 'undefined4.9.1',
21 silly publish      'buffer-shims': 'undefined1.0.0',
21 silly publish      'browserify-sign': 'undefined4.0.0',
21 silly publish      'browserify-zlib': 'undefined0.1.4',
21 silly publish      'buffer-xor': 'undefined1.0.3',
21 silly publish      'builtin-status-codes': 'undefined2.0.0',
21 silly publish      'builtin-modules': 'undefined1.1.1',
21 silly publish      bytes: 'undefined2.3.0',
21 silly publish      builtins: 'undefined0.0.7',
21 silly publish      chalk: 'undefined1.1.3',
21 silly publish      caseless: 'undefined0.6.0',
21 silly publish      'cached-path-relative': 'undefined1.0.0',
21 silly publish      'cipher-base': 'undefined1.0.3',
21 silly publish      'combined-stream': 'undefined0.0.7',
21 silly publish      'combine-source-map': 'undefined0.7.2',
21 silly publish      'concat-map': 'undefined0.0.1',
21 silly publish      compressible: 'undefined2.0.9',
21 silly publish      compression: 'undefined1.6.2',
21 silly publish      'console-browserify': 'undefined1.1.0',
21 silly publish      'concat-stream': 'undefined1.5.2',
21 silly publish      'content-type': 'undefined1.0.2',
21 silly publish      'convert-source-map': 'undefined1.1.3',
21 silly publish      'constants-browserify': 'undefined1.0.0',
21 silly publish      'cookie-signature': 'undefined1.0.6',
21 silly publish      'content-disposition': 'undefined0.5.1',
21 silly publish      cookie: 'undefined0.3.1',
21 silly publish      'cordova-app-hello-world': 'undefined3.11.0',
21 silly publish      'cordova-create': 'undefined1.0.1',
21 silly publish      'cordova-common': 'undefined1.5.1',
21 silly publish      'cordova-fetch': 'undefined1.0.1',
21 silly publish      'cordova-js': 'undefined4.2.0',
21 silly publish      'cordova-serve': 'undefined1.0.1',
21 silly publish      'cordova-lib': 'undefined6.4.0',
21 silly publish      'cordova-registry-mapper': 'undefined1.1.15',
21 silly publish      'core-util-is': 'undefined1.0.2',
21 silly publish      'create-ecdh': 'undefined4.0.0',
21 silly publish      'create-hmac': 'undefined1.1.4',
21 silly publish      'crypto-browserify': 'undefined3.11.0',
21 silly publish      cryptiles: 'undefined0.2.2',
21 silly publish      debug: 'undefined2.2.0',
21 silly publish      'create-hash': 'undefined1.1.2',
21 silly publish      defined: 'undefined1.0.0',
21 silly publish      'date-now': 'undefined0.1.4',
21 silly publish      ctype: 'undefined0.5.3',
21 silly publish      'delayed-stream': 'undefined0.0.5',
21 silly publish      depd: 'undefined1.1.0',
21 silly publish      'dep-graph': 'undefined1.1.0',
21 silly publish      'des.js': 'undefined1.0.0',
21 silly publish      'dependency-ls': 'undefined1.0.0',
21 silly publish      'deps-sort': 'undefined2.0.0',
21 silly publish      detective: 'undefined4.3.2',
21 silly publish      destroy: 'undefined1.0.4',
21 silly publish      'diffie-hellman': 'undefined5.0.2',
21 silly publish      duplexer2: 'undefined0.1.4',
21 silly publish      'domain-browser': 'undefined1.1.7',
21 silly publish      elliptic: 'undefined6.3.2',
21 silly publish      elementtree: 'undefined0.1.6',
21 silly publish      'ee-first': 'undefined1.1.1',
21 silly publish      'escape-string-regexp': 'undefined1.0.5',
21 silly publish      'escape-html': 'undefined1.0.3',
21 silly publish      encodeurl: 'undefined1.0.1',
21 silly publish      events: 'undefined1.1.1',
21 silly publish      etag: 'undefined1.7.0',
21 silly publish      evp_bytestokey: 'undefined1.0.0',
21 silly publish      express: 'undefined4.14.0',
21 silly publish      finalhandler: 'undefined0.5.0',
21 silly publish      falafel: 'undefined1.2.0',
21 silly publish      'forever-agent': 'undefined0.5.2',
21 silly publish      'form-data': 'undefined0.1.4',
21 silly publish      foreach: 'undefined2.0.5',
21 silly publish      fresh: 'undefined0.3.0',
21 silly publish      forwarded: 'undefined0.1.0',
21 silly publish      'fs.realpath': 'undefined1.0.0',
21 silly publish      fstream: 'undefined1.0.10',
21 silly publish      glob: 'undefined5.0.15',
21 silly publish      'function-bind': 'undefined1.1.0',
21 silly publish      'graceful-fs': 'undefined4.1.11',
21 silly publish      'has-ansi': 'undefined2.0.0',
21 silly publish      'hash.js': 'undefined1.0.3',
21 silly publish      hawk: 'undefined1.1.1',
21 silly publish      'hosted-git-info': 'undefined2.1.5',
21 silly publish      htmlescape: 'undefined1.1.1',
21 silly publish      has: 'undefined1.0.1',
21 silly publish      'http-errors': 'undefined1.5.1',
21 silly publish      hoek: 'undefined0.9.1',
21 silly publish      'http-signature': 'undefined0.10.1',
21 silly publish      indexof: 'undefined0.0.1',
21 silly publish      'https-browserify': 'undefined0.0.1',
21 silly publish      inflight: 'undefined1.0.6',
21 silly publish      inherits: 'undefined2.0.3',
21 silly publish      ieee754: 'undefined1.1.8',
21 silly publish      'init-package-json': 'undefined1.9.4',
21 silly publish      'inline-source-map': 'undefined0.6.2',
21 silly publish      'ipaddr.js': 'undefined1.1.1',
21 silly publish      'insert-module-globals': 'undefined7.0.1',
21 silly publish      interpret: 'undefined1.0.1',
21 silly publish      'is-buffer': 'undefined1.1.4',
21 silly publish      'is-url': 'undefined1.2.2',
21 silly publish      'is-builtin-module': 'undefined1.0.0',
21 silly publish      isarray: 'undefined0.0.1',
21 silly publish      jju: 'undefined1.3.0',
21 silly publish      'json-parse-helpfulerror': 'undefined1.0.3',
21 silly publish      'json-stringify-safe': 'undefined5.0.1',
21 silly publish      'json-stable-stringify': 'undefined0.0.1',
21 silly publish      jsonify: 'undefined0.0.0',
21 silly publish      jsonparse: 'undefined1.2.0',
21 silly publish      'labeled-stream-splicer': 'undefined2.0.0',
21 silly publish      JSONStream: 'undefined1.3.0',
21 silly publish      'lodash.memoize': 'undefined3.0.4',
21 silly publish      'lexical-scope': 'undefined1.2.0',
21 silly publish      'media-typer': 'undefined0.3.0',
21 silly publish      lodash: 'undefined3.10.1',
21 silly publish      'merge-descriptors': 'undefined1.0.1',
21 silly publish      'miller-rabin': 'undefined4.0.0',
21 silly publish      methods: 'undefined1.1.2',
21 silly publish      mime: 'undefined1.3.4',
21 silly publish      'mime-types': 'undefined2.1.13',
21 silly publish      'minimalistic-assert': 'undefined1.0.0',
21 silly publish      minimatch: 'undefined3.0.3',
21 silly publish      minimist: 'undefined1.2.0',
21 silly publish      'mime-db': 'undefined1.25.0',
21 silly publish      mkdirp: 'undefined0.5.1',
21 silly publish      ms: 'undefined0.7.1',
21 silly publish      'module-deps': 'undefined4.0.8',
21 silly publish      negotiator: 'undefined0.6.1',
21 silly publish      'mute-stream': 'undefined0.0.7',
21 silly publish      'node-uuid': 'undefined1.4.7',
21 silly publish      'normalize-package-data': 'undefined2.3.5',
21 silly publish      'oauth-sign': 'undefined0.4.0',
21 silly publish      npm: 'undefined2.15.11',
21 silly publish      nopt: 'undefined1.0.9',
21 silly publish      'object-keys': 'undefined1.0.11',
21 silly publish      once: 'undefined1.4.0',
21 silly publish      'npm-package-arg': 'undefined4.2.0',
21 silly publish      'on-headers': 'undefined1.0.1',
21 silly publish      opener: 'undefined1.4.1',
21 silly publish      'on-finished': 'undefined2.3.0',
21 silly publish      osenv: 'undefined0.1.4',
21 silly publish      'os-homedir': 'undefined1.0.2',
21 silly publish      'os-tmpdir': 'undefined1.0.2',
21 silly publish      'os-browserify': 'undefined0.1.2',
21 silly publish      pako: 'undefined0.2.9',
21 silly publish      'parse-asn1': 'undefined5.0.0',
21 silly publish      parseurl: 'undefined1.3.1',
21 silly publish      'path-browserify': 'undefined0.0.0',
21 silly publish      parents: 'undefined1.0.1',
21 silly publish      'path-is-absolute': 'undefined1.0.1',
21 silly publish      'path-to-regexp': 'undefined0.1.7',
21 silly publish      pegjs: 'undefined0.9.0',
21 silly publish      'path-platform': 'undefined0.11.15',
21 silly publish      pbkdf2: 'undefined3.0.9',
21 silly publish      plist: 'undefined1.2.0',
21 silly publish      plugman: 'undefined1.4.0',
21 silly publish      process: 'undefined0.11.9',
21 silly publish      'process-nextick-args': 'undefined1.0.7',
21 silly publish      promzard: 'undefined0.3.0',
21 silly publish      'proxy-addr': 'undefined1.1.2',
21 silly publish      'properties-parser': 'undefined0.2.3',
21 silly publish      querystring: 'undefined0.2.0',
21 silly publish      qs: 'undefined6.2.0',
21 silly publish      punycode: 'undefined1.4.1',
21 silly publish      'public-encrypt': 'undefined4.0.0',
21 silly publish      'querystring-es3': 'undefined0.2.1',
21 silly publish      randombytes: 'undefined2.0.3',
21 silly publish      q: 'undefined1.0.1',
21 silly publish      'range-parser': 'undefined1.2.0',
21 silly publish      read: 'undefined1.0.7',
21 silly publish      'read-package-json': 'undefined2.0.4',
21 silly publish      'read-only-stream': 'undefined2.0.0',
21 silly publish      request: 'undefined2.47.0',
21 silly publish      'readable-stream': 'undefined2.2.2',
21 silly publish      rimraf: 'undefined2.5.4',
21 silly publish      ripemd160: 'undefined1.0.1',
21 silly publish      sax: 'undefined0.3.5',
21 silly publish      semver: 'undefined4.3.6',
21 silly publish      resolve: 'undefined1.2.0',
21 silly publish      rechoir: 'undefined0.6.2',
21 silly publish      setprototypeof: 'undefined1.0.2',
21 silly publish      send: 'undefined0.14.1',
21 silly publish      'serve-static': 'undefined1.11.1',
21 silly publish      'shell-quote': 'undefined1.6.1',
21 silly publish      shasum: 'undefined1.0.2',
21 silly publish      'sha.js': 'undefined2.4.8',
21 silly publish      sntp: 'undefined0.2.4',
21 silly publish      shelljs: 'undefined0.3.0',
21 silly publish      'source-map': 'undefined0.5.6',
21 silly publish      'simple-plist': 'undefined0.1.4',
21 silly publish      statuses: 'undefined1.3.1',
21 silly publish      'spdx-license-ids': 'undefined1.2.2',
21 silly publish      'spdx-correct': 'undefined1.0.2',
21 silly publish      'spdx-expression-parse': 'undefined1.0.4',
21 silly publish      'stream-buffers': 'undefined0.2.6',
21 silly publish      'stream-http': 'undefined2.5.0',
21 silly publish      'stream-browserify': 'undefined2.0.1',
21 silly publish      string_decoder: 'undefined0.10.31',
21 silly publish      'stream-combiner2': 'undefined1.1.1',
21 silly publish      'stream-splicer': 'undefined2.0.0',
21 silly publish      stringstream: 'undefined0.0.5',
21 silly publish      'supports-color': 'undefined2.0.0',
21 silly publish      subarg: 'undefined1.0.0',
21 silly publish      tar: 'undefined1.0.2',
21 silly publish      'syntax-error': 'undefined1.1.6',
21 silly publish      'strip-ansi': 'undefined3.0.1',
21 silly publish      through: 'undefined2.3.8',
21 silly publish      through2: 'undefined2.0.3',
21 silly publish      'timers-browserify': 'undefined1.4.2',
21 silly publish      'tough-cookie': 'undefined2.3.2',
21 silly publish      'to-arraybuffer': 'undefined1.0.1',
21 silly publish      'tunnel-agent': 'undefined0.4.3',
21 silly publish      'type-is': 'undefined1.6.14',
21 silly publish      typedarray: 'undefined0.0.6',
21 silly publish      umd: 'undefined3.0.1',
21 silly publish      'tty-browserify': 'undefined0.0.0',
21 silly publish      unorm: 'undefined1.3.3',
21 silly publish      unpipe: 'undefined1.0.0',
21 silly publish      url: 'undefined0.11.0',
21 silly publish      util: 'undefined0.10.3',
21 silly publish      'util-deprecate': 'undefined1.0.2',
21 silly publish      'utils-merge': 'undefined1.0.0',
21 silly publish      'valid-identifier': 'undefined0.0.1',
21 silly publish      'validate-npm-package-name': 'undefined2.2.2',
21 silly publish      underscore: 'undefined1.7.0',
21 silly publish      'validate-npm-package-license': 'undefined3.0.1',
21 silly publish      xcode: 'undefined0.8.9',
21 silly publish      xmlbuilder: 'undefined4.0.0',
21 silly publish      'vm-browserify': 'undefined0.0.4',
21 silly publish      vary: 'undefined1.1.0',
21 silly publish      wrappy: 'undefined1.0.2',
21 silly publish      xtend: 'undefined4.0.1',
21 silly publish      xmldom: 'undefined0.1.27' },
21 silly publish   repository:
21 silly publish    { type: 'git',
21 silly publish      url: 'git+https://github.com/tanngo/AmILate.git' },
21 silly publish   keywords: [ 'ecosystem:cordova', 'cordova-android', 'cordova-ios' ],
21 silly publish   author: { name: 'ngo.nguyen' },
21 silly publish   license: 'ngo.nguyen',
21 silly publish   bugs: { url: 'https://github.com/tanngo/AmILate/issues' },
21 silly publish   homepage: 'https://github.com/tanngo/AmILate#readme',
21 silly publish   readme: 'ERROR: No README data found!',
21 silly publish   _id: 'nguye@0.0.1',
21 silly publish   scripts: {},
21 silly publish   _shasum: '8bb0f6f85cff181eb3acc671b80f2014385b1c1c',
21 silly publish   _from: '.' }
22 verbose getPublishConfig undefined
23 silly mapToRegistry name nguye
24 silly mapToRegistry using default registry
25 silly mapToRegistry registry https://registry.npmjs.org/
26 silly mapToRegistry data Result {
26 silly mapToRegistry   raw: 'nguye',
26 silly mapToRegistry   scope: null,
26 silly mapToRegistry   escapedName: 'nguye',
26 silly mapToRegistry   name: 'nguye',
26 silly mapToRegistry   rawSpec: '',
26 silly mapToRegistry   spec: 'latest',
26 silly mapToRegistry   type: 'tag' }
27 silly mapToRegistry uri https://registry.npmjs.org/nguye
28 verbose publish registryBase https://registry.npmjs.org/
29 silly publish uploading C:\Users\nguye\AppData\Roaming\npm-cache\nguye\0.0.1\package.tgz
30 verbose request uri https://registry.npmjs.org/nguye
31 verbose request sending authorization for write operation
32 info attempt registry request try #1 at 3:42:19 PM
33 verbose request using bearer token for auth
34 verbose request id 256ce866250421f8
35 http request PUT https://registry.npmjs.org/nguye
36 http 403 https://registry.npmjs.org/nguye
37 verbose headers { 'content-type': 'application/json',
37 verbose headers   'cache-control': 'max-age=300',
37 verbose headers   'content-length': '95',
37 verbose headers   'accept-ranges': 'bytes',
37 verbose headers   date: 'Fri, 06 Jan 2017 08:42:18 GMT',
37 verbose headers   via: '1.1 varnish',
37 verbose headers   connection: 'keep-alive',
37 verbose headers   'x-served-by': 'cache-sin6926-SIN',
37 verbose headers   'x-cache': 'MISS',
37 verbose headers   'x-cache-hits': '0',
37 verbose headers   'x-timer': 'S1483692138.305317,VS0,VE569',
37 verbose headers   vary: 'Accept-Encoding' }
38 verbose request invalidating C:\Users\nguye\AppData\Roaming\npm-cache\registry.npmjs.org\nguye on PUT
39 error publish Failed PUT 403
40 verbose stack Error: "You cannot publish over the previously published version 0.0.1." : nguye
40 verbose stack     at makeError (C:\Program Files (x86)\nodejs\node_modules\npm\node_modules\npm-registry-client\lib\request.js:302:12)
40 verbose stack     at CachingRegistryClient.<anonymous> (C:\Program Files (x86)\nodejs\node_modules\npm\node_modules\npm-registry-client\lib\request.js:290:14)
40 verbose stack     at Request._callback (C:\Program Files (x86)\nodejs\node_modules\npm\node_modules\npm-registry-client\lib\request.js:210:14)
40 verbose stack     at Request.self.callback (C:\Program Files (x86)\nodejs\node_modules\npm\node_modules\request\request.js:187:22)
40 verbose stack     at emitTwo (events.js:106:13)
40 verbose stack     at Request.emit (events.js:191:7)
40 verbose stack     at Request.<anonymous> (C:\Program Files (x86)\nodejs\node_modules\npm\node_modules\request\request.js:1048:10)
40 verbose stack     at emitOne (events.js:96:13)
40 verbose stack     at Request.emit (events.js:188:7)
40 verbose stack     at IncomingMessage.<anonymous> (C:\Program Files (x86)\nodejs\node_modules\npm\node_modules\request\request.js:969:12)
41 verbose statusCode 403
42 verbose pkgid nguye
43 verbose cwd C:\Users\nguye\AmILate
44 error Windows_NT 10.0.14393
45 error argv "C:\\Program Files (x86)\\nodejs\\node.exe" "C:\\Program Files (x86)\\nodejs\\node_modules\\npm\\bin\\npm-cli.js" "publish" "."
46 error node v6.9.3
47 error npm  v3.10.10
48 error code E403
49 error "You cannot publish over the previously published version 0.0.1." : nguye
50 error If you need help, you may report this error at:
50 error     <https://github.com/npm/npm/issues>
51 verbose exit [ 1, true ]
